warning: virtual workspace defaulting to `resolver = "1"` despite one or more workspace members being on edition 2021 which implies `resolver = "2"`
note: to keep the current resolver, specify `workspace.resolver = "1"` in the workspace root's manifest
note: to use the edition 2021 resolver, specify `workspace.resolver = "2"` in the workspace root's manifest
note: for more details see https://doc.rust-lang.org/cargo/reference/resolver.html#resolver-versions
   Compiling icicle v0.1.0 (https://github.com/ingonyama-zk/icicle.git?branch=rust/large-bucket-factor-msm#bd72fb7b)
error: failed to run custom build command for `icicle v0.1.0 (https://github.com/ingonyama-zk/icicle.git?branch=rust/large-bucket-factor-msm#bd72fb7b)`

Caused by:
  process didn't exit successfully: `/home/jizhenWei/work/halo2-main/halo2-main/target/debug/build/icicle-6a3ab146d882834a/build-script-build` (exit status: 101)
  --- stdout
  cargo:rerun-if-env-changed=CXXFLAGS
  cargo:rerun-if-changed=./icicle
  cargo:rerun-if-changed=./target/debug
  CMAKE_TOOLCHAIN_FILE_x86_64-unknown-linux-gnu = None
  CMAKE_TOOLCHAIN_FILE_x86_64_unknown_linux_gnu = None
  HOST_CMAKE_TOOLCHAIN_FILE = None
  CMAKE_TOOLCHAIN_FILE = None
  CMAKE_GENERATOR_x86_64-unknown-linux-gnu = None
  CMAKE_GENERATOR_x86_64_unknown_linux_gnu = None
  HOST_CMAKE_GENERATOR = None
  CMAKE_GENERATOR = None
  CMAKE_PREFIX_PATH_x86_64-unknown-linux-gnu = None
  CMAKE_PREFIX_PATH_x86_64_unknown_linux_gnu = None
  HOST_CMAKE_PREFIX_PATH = None
  CMAKE_PREFIX_PATH = None
  CMAKE_x86_64-unknown-linux-gnu = None
  CMAKE_x86_64_unknown_linux_gnu = None
  HOST_CMAKE = None
  CMAKE = None
  running: cd "/home/jizhenWei/.cargo/git/checkouts/icicle-9b25725c9b5d6dd2/bd72fb7/target/debug/build" && CMAKE_PREFIX_PATH="" "cmake" "/home/jizhenWei/.cargo/git/checkouts/icicle-9b25725c9b5d6dd2/bd72fb7/./icicle" "-DBUILD_TESTS=OFF" "-DCMAKE_BUILD_TYPE=Debug" "-DCMAKE_INSTALL_PREFIX=/home/jizhenWei/.cargo/git/checkouts/icicle-9b25725c9b5d6dd2/bd72fb7/target/debug" "-DCMAKE_C_FLAGS= -ffunction-sections -fdata-sections -fPIC -m64" "-DCMAKE_C_COMPILER=/usr/bin/cc" "-DCMAKE_CXX_FLAGS= -ffunction-sections -fdata-sections -fPIC -m64" "-DCMAKE_CXX_COMPILER=/usr/bin/c++" "-DCMAKE_ASM_FLAGS= -ffunction-sections -fdata-sections -fPIC -m64" "-DCMAKE_ASM_COMPILER=/usr/bin/cc"
  -- Configuring done
  -- Generating done
  -- Build files have been written to: /home/jizhenWei/.cargo/git/checkouts/icicle-9b25725c9b5d6dd2/bd72fb7/target/debug/build
  running: cd "/home/jizhenWei/.cargo/git/checkouts/icicle-9b25725c9b5d6dd2/bd72fb7/target/debug/build" && MAKEFLAGS="-j --jobserver-fds=7,8 --jobserver-auth=7,8" "cmake" "--build" "." "--target" "icicle" "--config" "Debug"
  [  6%] Building CUDA object CMakeFiles/icicle.dir/curves/bn254/lde.cu.o
  [ 20%] Building CUDA object CMakeFiles/icicle.dir/curves/bn254/ve_mod_mult.cu.o
  [ 20%] Building CUDA object CMakeFiles/icicle.dir/curves/bls12_377/lde.cu.o
  [ 26%] Building CUDA object CMakeFiles/icicle.dir/curves/bn254/msm.cu.o
  [ 33%] Building CUDA object CMakeFiles/icicle.dir/curves/bls12_377/msm.cu.o
  [ 40%] Building CUDA object CMakeFiles/icicle.dir/curves/bls12_377/ve_mod_mult.cu.o
  [ 46%] Building CUDA object CMakeFiles/icicle.dir/curves/bls12_381/lde.cu.o
  [ 53%] Building CUDA object CMakeFiles/icicle.dir/curves/bls12_381/msm.cu.o
  [ 60%] Building CUDA object CMakeFiles/icicle.dir/curves/bls12_381/ve_mod_mult.cu.o

  --- stderr
  /home/jizhenWei/.cargo/git/checkouts/icicle-9b25725c9b5d6dd2/bd72fb7/icicle/curves/bls12_381/../../appUtils/ntt/ntt.cuh(379): warning #177-D: variable "NUM_BLOCKS" was declared but never referenced
      int NUM_BLOCKS = (batches + NUM_THREADS - 1) / NUM_THREADS;
          ^

  Remark: The warnings can be suppressed with "-diag-suppress <warning-number>"

  /home/jizhenWei/.cargo/git/checkouts/icicle-9b25725c9b5d6dd2/bd72fb7/icicle/curves/bls12_381/../../appUtils/msm/msm.cu(137): warning #20050-D: inline qualifier ignored for "__global__" function
    __attribute__((global)) __inline__ __attribute__((always_inline)) void
                   ^

  Remark: The warnings can be suppressed with "-diag-suppress <warning-number>"

  /home/jizhenWei/.cargo/git/checkouts/icicle-9b25725c9b5d6dd2/bd72fb7/icicle/curves/bls12_381/../../appUtils/msm/msm.cu(153): warning #20050-D: inline qualifier ignored for "__global__" function
    __attribute__((global)) __inline__ __attribute__((always_inline)) void
                   ^

  /home/jizhenWei/.cargo/git/checkouts/icicle-9b25725c9b5d6dd2/bd72fb7/icicle/curves/bls12_377/../../appUtils/ntt/ntt.cuh(379): warning #177-D: variable "NUM_BLOCKS" was declared but never referenced
      int NUM_BLOCKS = (batches + NUM_THREADS - 1) / NUM_THREADS;
          ^

  Remark: The warnings can be suppressed with "-diag-suppress <warning-number>"

  /home/jizhenWei/.cargo/git/checkouts/icicle-9b25725c9b5d6dd2/bd72fb7/icicle/curves/bn254/../../appUtils/msm/msm.cu(137): warning #20050-D: inline qualifier ignored for "__global__" function
    __attribute__((global)) __inline__ __attribute__((always_inline)) void
                   ^

  Remark: The warnings can be suppressed with "-diag-suppress <warning-number>"

  /home/jizhenWei/.cargo/git/checkouts/icicle-9b25725c9b5d6dd2/bd72fb7/icicle/curves/bn254/../../appUtils/msm/msm.cu(153): warning #20050-D: inline qualifier ignored for "__global__" function
    __attribute__((global)) __inline__ __attribute__((always_inline)) void
                   ^

  /home/jizhenWei/.cargo/git/checkouts/icicle-9b25725c9b5d6dd2/bd72fb7/icicle/curves/bls12_377/../../appUtils/msm/msm.cu(137): warning #20050-D: inline qualifier ignored for "__global__" function
    __attribute__((global)) __inline__ __attribute__((always_inline)) void
                   ^

  Remark: The warnings can be suppressed with "-diag-suppress <warning-number>"

  /home/jizhenWei/.cargo/git/checkouts/icicle-9b25725c9b5d6dd2/bd72fb7/icicle/curves/bls12_377/../../appUtils/msm/msm.cu(153): warning #20050-D: inline qualifier ignored for "__global__" function
    __attribute__((global)) __inline__ __attribute__((always_inline)) void
                   ^

  /home/jizhenWei/.cargo/git/checkouts/icicle-9b25725c9b5d6dd2/bd72fb7/icicle/curves/bn254/../../appUtils/ntt/ntt.cuh(379): warning #177-D: variable "NUM_BLOCKS" was declared but never referenced
      int NUM_BLOCKS = (batches + NUM_THREADS - 1) / NUM_THREADS;
          ^

  Remark: The warnings can be suppressed with "-diag-suppress <warning-number>"

  /home/jizhenWei/.cargo/git/checkouts/icicle-9b25725c9b5d6dd2/bd72fb7/icicle/curves/bls12_381/../../appUtils/msm/msm.cu(137): warning #20050-D: inline qualifier ignored for "__global__" function
    __attribute__((global)) __inline__ __attribute__((always_inline)) void
                   ^

  Remark: The warnings can be suppressed with "-diag-suppress <warning-number>"

  /home/jizhenWei/.cargo/git/checkouts/icicle-9b25725c9b5d6dd2/bd72fb7/icicle/curves/bls12_381/../../appUtils/msm/msm.cu(153): warning #20050-D: inline qualifier ignored for "__global__" function
    __attribute__((global)) __inline__ __attribute__((always_inline)) void
                   ^

  /home/jizhenWei/.cargo/git/checkouts/icicle-9b25725c9b5d6dd2/bd72fb7/icicle/curves/bls12_381/../../appUtils/msm/msm.cu(610): warning #177-D: variable "last_j" was declared but never referenced
              unsigned last_j = target_bits_count - 1;
                       ^
            detected during instantiation of "void large_msm(S *, A *, unsigned int, P *, __nv_bool, __nv_bool, unsigned int, cudaStream_t) [with S=BLS12_381::scalar_t, P=BLS12_381::projective_t, A=BLS12_381::affine_t]" at line 19 of /home/jizhenWei/.cargo/git/checkouts/icicle-9b25725c9b5d6dd2/bd72fb7/icicle/curves/bls12_381/msm.cu

  /home/jizhenWei/.cargo/git/checkouts/icicle-9b25725c9b5d6dd2/bd72fb7/icicle/curves/bls12_381/../../appUtils/msm/msm.cu(592): warning #550-D: variable "odd_source_c" was set but never used
        bool odd_source_c = source_bits_count % 2;
             ^
            detected during instantiation of "void large_msm(S *, A *, unsigned int, P *, __nv_bool, __nv_bool, unsigned int, cudaStream_t) [with S=BLS12_381::scalar_t, P=BLS12_381::projective_t, A=BLS12_381::affine_t]" at line 19 of /home/jizhenWei/.cargo/git/checkouts/icicle-9b25725c9b5d6dd2/bd72fb7/icicle/curves/bls12_381/msm.cu

  /home/jizhenWei/.cargo/git/checkouts/icicle-9b25725c9b5d6dd2/bd72fb7/icicle/curves/bls12_381/../../appUtils/msm/msm.cu(100): warning #177-D: variable "sign_mask" was declared but never referenced
      constexpr unsigned sign_mask = 0x80000000;
                         ^
            detected during:
              instantiation of "void bucket_method_msm(unsigned int, unsigned int, S *, A *, unsigned int, P *, __nv_bool, __nv_bool, unsigned int, cudaStream_t) [with S=BLS12_381::scalar_t, P=BLS12_381::projective_t, A=BLS12_381::affine_t]" at line 952
              instantiation of "void large_msm(S *, A *, unsigned int, P *, __nv_bool, __nv_bool, unsigned int, cudaStream_t) [with S=BLS12_381::scalar_t, P=BLS12_381::projective_t, A=BLS12_381::affine_t]" at line 19 of /home/jizhenWei/.cargo/git/checkouts/icicle-9b25725c9b5d6dd2/bd72fb7/icicle/curves/bls12_381/msm.cu

  /home/jizhenWei/.cargo/git/checkouts/icicle-9b25725c9b5d6dd2/bd72fb7/icicle/curves/bls12_381/../../appUtils/msm/msm.cu(104): warning #177-D: variable "bucket_index2" was declared but never referenced
      unsigned bucket_index2;
               ^
            detected during:
              instantiation of "void bucket_method_msm(unsigned int, unsigned int, S *, A *, unsigned int, P *, __nv_bool, __nv_bool, unsigned int, cudaStream_t) [with S=BLS12_381::scalar_t, P=BLS12_381::projective_t, A=BLS12_381::affine_t]" at line 952
              instantiation of "void large_msm(S *, A *, unsigned int, P *, __nv_bool, __nv_bool, unsigned int, cudaStream_t) [with S=BLS12_381::scalar_t, P=BLS12_381::projective_t, A=BLS12_381::affine_t]" at line 19 of /home/jizhenWei/.cargo/git/checkouts/icicle-9b25725c9b5d6dd2/bd72fb7/icicle/curves/bls12_381/msm.cu

  /home/jizhenWei/.cargo/git/checkouts/icicle-9b25725c9b5d6dd2/bd72fb7/icicle/curves/bls12_381/../../appUtils/msm/msm.cu(107): warning #177-D: variable "borrow" was declared but never referenced
      unsigned borrow = 0;
               ^
            detected during:
              instantiation of "void bucket_method_msm(unsigned int, unsigned int, S *, A *, unsigned int, P *, __nv_bool, __nv_bool, unsigned int, cudaStream_t) [with S=BLS12_381::scalar_t, P=BLS12_381::projective_t, A=BLS12_381::affine_t]" at line 952
              instantiation of "void large_msm(S *, A *, unsigned int, P *, __nv_bool, __nv_bool, unsigned int, cudaStream_t) [with S=BLS12_381::scalar_t, P=BLS12_381::projective_t, A=BLS12_381::affine_t]" at line 19 of /home/jizhenWei/.cargo/git/checkouts/icicle-9b25725c9b5d6dd2/bd72fb7/icicle/curves/bls12_381/msm.cu

  /home/jizhenWei/.cargo/git/checkouts/icicle-9b25725c9b5d6dd2/bd72fb7/icicle/curves/bn254/../../appUtils/msm/msm.cu(137): warning #20050-D: inline qualifier ignored for "__global__" function
    __attribute__((global)) __inline__ __attribute__((always_inline)) void
                   ^

  Remark: The warnings can be suppressed with "-diag-suppress <warning-number>"

  /home/jizhenWei/.cargo/git/checkouts/icicle-9b25725c9b5d6dd2/bd72fb7/icicle/curves/bn254/../../appUtils/msm/msm.cu(153): warning #20050-D: inline qualifier ignored for "__global__" function
    __attribute__((global)) __inline__ __attribute__((always_inline)) void
                   ^

  /home/jizhenWei/.cargo/git/checkouts/icicle-9b25725c9b5d6dd2/bd72fb7/icicle/curves/bn254/../../appUtils/msm/msm.cu(610): warning #177-D: variable "last_j" was declared but never referenced
              unsigned last_j = target_bits_count - 1;
                       ^
            detected during instantiation of "void large_msm(S *, A *, unsigned int, P *, __nv_bool, __nv_bool, unsigned int, cudaStream_t) [with S=BN254::scalar_t, P=BN254::projective_t, A=BN254::affine_t]" at line 19 of /home/jizhenWei/.cargo/git/checkouts/icicle-9b25725c9b5d6dd2/bd72fb7/icicle/curves/bn254/msm.cu

  /home/jizhenWei/.cargo/git/checkouts/icicle-9b25725c9b5d6dd2/bd72fb7/icicle/curves/bn254/../../appUtils/msm/msm.cu(592): warning #550-D: variable "odd_source_c" was set but never used
        bool odd_source_c = source_bits_count % 2;
             ^
            detected during instantiation of "void large_msm(S *, A *, unsigned int, P *, __nv_bool, __nv_bool, unsigned int, cudaStream_t) [with S=BN254::scalar_t, P=BN254::projective_t, A=BN254::affine_t]" at line 19 of /home/jizhenWei/.cargo/git/checkouts/icicle-9b25725c9b5d6dd2/bd72fb7/icicle/curves/bn254/msm.cu

  /home/jizhenWei/.cargo/git/checkouts/icicle-9b25725c9b5d6dd2/bd72fb7/icicle/curves/bn254/../../appUtils/msm/msm.cu(100): warning #177-D: variable "sign_mask" was declared but never referenced
      constexpr unsigned sign_mask = 0x80000000;
                         ^
            detected during:
              instantiation of "void bucket_method_msm(unsigned int, unsigned int, S *, A *, unsigned int, P *, __nv_bool, __nv_bool, unsigned int, cudaStream_t) [with S=BN254::scalar_t, P=BN254::projective_t, A=BN254::affine_t]" at line 952
              instantiation of "void large_msm(S *, A *, unsigned int, P *, __nv_bool, __nv_bool, unsigned int, cudaStream_t) [with S=BN254::scalar_t, P=BN254::projective_t, A=BN254::affine_t]" at line 19 of /home/jizhenWei/.cargo/git/checkouts/icicle-9b25725c9b5d6dd2/bd72fb7/icicle/curves/bn254/msm.cu

  /home/jizhenWei/.cargo/git/checkouts/icicle-9b25725c9b5d6dd2/bd72fb7/icicle/curves/bn254/../../appUtils/msm/msm.cu(104): warning #177-D: variable "bucket_index2" was declared but never referenced
      unsigned bucket_index2;
               ^
            detected during:
              instantiation of "void bucket_method_msm(unsigned int, unsigned int, S *, A *, unsigned int, P *, __nv_bool, __nv_bool, unsigned int, cudaStream_t) [with S=BN254::scalar_t, P=BN254::projective_t, A=BN254::affine_t]" at line 952
              instantiation of "void large_msm(S *, A *, unsigned int, P *, __nv_bool, __nv_bool, unsigned int, cudaStream_t) [with S=BN254::scalar_t, P=BN254::projective_t, A=BN254::affine_t]" at line 19 of /home/jizhenWei/.cargo/git/checkouts/icicle-9b25725c9b5d6dd2/bd72fb7/icicle/curves/bn254/msm.cu

  /home/jizhenWei/.cargo/git/checkouts/icicle-9b25725c9b5d6dd2/bd72fb7/icicle/curves/bn254/../../appUtils/msm/msm.cu(107): warning #177-D: variable "borrow" was declared but never referenced
      unsigned borrow = 0;
               ^
            detected during:
              instantiation of "void bucket_method_msm(unsigned int, unsigned int, S *, A *, unsigned int, P *, __nv_bool, __nv_bool, unsigned int, cudaStream_t) [with S=BN254::scalar_t, P=BN254::projective_t, A=BN254::affine_t]" at line 952
              instantiation of "void large_msm(S *, A *, unsigned int, P *, __nv_bool, __nv_bool, unsigned int, cudaStream_t) [with S=BN254::scalar_t, P=BN254::projective_t, A=BN254::affine_t]" at line 19 of /home/jizhenWei/.cargo/git/checkouts/icicle-9b25725c9b5d6dd2/bd72fb7/icicle/curves/bn254/msm.cu

  /home/jizhenWei/.cargo/git/checkouts/icicle-9b25725c9b5d6dd2/bd72fb7/icicle/curves/bls12_381/../../appUtils/msm/msm.cu(182): warning #177-D: variable "sign_mask" was declared but never referenced
      constexpr unsigned sign_mask = 0x80000000;
                         ^
            detected during:
              instantiation of "void bucket_method_msm(unsigned int, unsigned int, S *, A *, unsigned int, P *, __nv_bool, __nv_bool, unsigned int, cudaStream_t) [with S=BLS12_381::scalar_t, P=BLS12_381::projective_t, A=BLS12_381::affine_t]" at line 952
              instantiation of "void large_msm(S *, A *, unsigned int, P *, __nv_bool, __nv_bool, unsigned int, cudaStream_t) [with S=BLS12_381::scalar_t, P=BLS12_381::projective_t, A=BLS12_381::affine_t]" at line 19 of /home/jizhenWei/.cargo/git/checkouts/icicle-9b25725c9b5d6dd2/bd72fb7/icicle/curves/bls12_381/msm.cu

  /home/jizhenWei/.cargo/git/checkouts/icicle-9b25725c9b5d6dd2/bd72fb7/icicle/curves/bn254/../../appUtils/msm/msm.cu(182): warning #177-D: variable "sign_mask" was declared but never referenced
      constexpr unsigned sign_mask = 0x80000000;
                         ^
            detected during:
              instantiation of "void bucket_method_msm(unsigned int, unsigned int, S *, A *, unsigned int, P *, __nv_bool, __nv_bool, unsigned int, cudaStream_t) [with S=BN254::scalar_t, P=BN254::projective_t, A=BN254::affine_t]" at line 952
              instantiation of "void large_msm(S *, A *, unsigned int, P *, __nv_bool, __nv_bool, unsigned int, cudaStream_t) [with S=BN254::scalar_t, P=BN254::projective_t, A=BN254::affine_t]" at line 19 of /home/jizhenWei/.cargo/git/checkouts/icicle-9b25725c9b5d6dd2/bd72fb7/icicle/curves/bn254/msm.cu

  /home/jizhenWei/.cargo/git/checkouts/icicle-9b25725c9b5d6dd2/bd72fb7/icicle/curves/bls12_377/../../appUtils/msm/msm.cu(137): warning #20050-D: inline qualifier ignored for "__global__" function
    __attribute__((global)) __inline__ __attribute__((always_inline)) void
                   ^

  Remark: The warnings can be suppressed with "-diag-suppress <warning-number>"

  /home/jizhenWei/.cargo/git/checkouts/icicle-9b25725c9b5d6dd2/bd72fb7/icicle/curves/bls12_377/../../appUtils/msm/msm.cu(153): warning #20050-D: inline qualifier ignored for "__global__" function
    __attribute__((global)) __inline__ __attribute__((always_inline)) void
                   ^

  /home/jizhenWei/.cargo/git/checkouts/icicle-9b25725c9b5d6dd2/bd72fb7/icicle/curves/bls12_377/../../appUtils/msm/msm.cu(610): warning #177-D: variable "last_j" was declared but never referenced
              unsigned last_j = target_bits_count - 1;
                       ^
            detected during instantiation of "void large_msm(S *, A *, unsigned int, P *, __nv_bool, __nv_bool, unsigned int, cudaStream_t) [with S=BLS12_377::scalar_t, P=BLS12_377::projective_t, A=BLS12_377::affine_t]" at line 19 of /home/jizhenWei/.cargo/git/checkouts/icicle-9b25725c9b5d6dd2/bd72fb7/icicle/curves/bls12_377/msm.cu

  /home/jizhenWei/.cargo/git/checkouts/icicle-9b25725c9b5d6dd2/bd72fb7/icicle/curves/bls12_377/../../appUtils/msm/msm.cu(592): warning #550-D: variable "odd_source_c" was set but never used
        bool odd_source_c = source_bits_count % 2;
             ^
            detected during instantiation of "void large_msm(S *, A *, unsigned int, P *, __nv_bool, __nv_bool, unsigned int, cudaStream_t) [with S=BLS12_377::scalar_t, P=BLS12_377::projective_t, A=BLS12_377::affine_t]" at line 19 of /home/jizhenWei/.cargo/git/checkouts/icicle-9b25725c9b5d6dd2/bd72fb7/icicle/curves/bls12_377/msm.cu

  /home/jizhenWei/.cargo/git/checkouts/icicle-9b25725c9b5d6dd2/bd72fb7/icicle/curves/bls12_377/../../appUtils/msm/msm.cu(100): warning #177-D: variable "sign_mask" was declared but never referenced
      constexpr unsigned sign_mask = 0x80000000;
                         ^
            detected during:
              instantiation of "void bucket_method_msm(unsigned int, unsigned int, S *, A *, unsigned int, P *, __nv_bool, __nv_bool, unsigned int, cudaStream_t) [with S=BLS12_377::scalar_t, P=BLS12_377::projective_t, A=BLS12_377::affine_t]" at line 952
              instantiation of "void large_msm(S *, A *, unsigned int, P *, __nv_bool, __nv_bool, unsigned int, cudaStream_t) [with S=BLS12_377::scalar_t, P=BLS12_377::projective_t, A=BLS12_377::affine_t]" at line 19 of /home/jizhenWei/.cargo/git/checkouts/icicle-9b25725c9b5d6dd2/bd72fb7/icicle/curves/bls12_377/msm.cu

  /home/jizhenWei/.cargo/git/checkouts/icicle-9b25725c9b5d6dd2/bd72fb7/icicle/curves/bls12_377/../../appUtils/msm/msm.cu(104): warning #177-D: variable "bucket_index2" was declared but never referenced
      unsigned bucket_index2;
               ^
            detected during:
              instantiation of "void bucket_method_msm(unsigned int, unsigned int, S *, A *, unsigned int, P *, __nv_bool, __nv_bool, unsigned int, cudaStream_t) [with S=BLS12_377::scalar_t, P=BLS12_377::projective_t, A=BLS12_377::affine_t]" at line 952
              instantiation of "void large_msm(S *, A *, unsigned int, P *, __nv_bool, __nv_bool, unsigned int, cudaStream_t) [with S=BLS12_377::scalar_t, P=BLS12_377::projective_t, A=BLS12_377::affine_t]" at line 19 of /home/jizhenWei/.cargo/git/checkouts/icicle-9b25725c9b5d6dd2/bd72fb7/icicle/curves/bls12_377/msm.cu

  /home/jizhenWei/.cargo/git/checkouts/icicle-9b25725c9b5d6dd2/bd72fb7/icicle/curves/bls12_377/../../appUtils/msm/msm.cu(107): warning #177-D: variable "borrow" was declared but never referenced
      unsigned borrow = 0;
               ^
            detected during:
              instantiation of "void bucket_method_msm(unsigned int, unsigned int, S *, A *, unsigned int, P *, __nv_bool, __nv_bool, unsigned int, cudaStream_t) [with S=BLS12_377::scalar_t, P=BLS12_377::projective_t, A=BLS12_377::affine_t]" at line 952
              instantiation of "void large_msm(S *, A *, unsigned int, P *, __nv_bool, __nv_bool, unsigned int, cudaStream_t) [with S=BLS12_377::scalar_t, P=BLS12_377::projective_t, A=BLS12_377::affine_t]" at line 19 of /home/jizhenWei/.cargo/git/checkouts/icicle-9b25725c9b5d6dd2/bd72fb7/icicle/curves/bls12_377/msm.cu

  /home/jizhenWei/.cargo/git/checkouts/icicle-9b25725c9b5d6dd2/bd72fb7/icicle/curves/bls12_377/../../appUtils/msm/msm.cu(182): warning #177-D: variable "sign_mask" was declared but never referenced
      constexpr unsigned sign_mask = 0x80000000;
                         ^
            detected during:
              instantiation of "void bucket_method_msm(unsigned int, unsigned int, S *, A *, unsigned int, P *, __nv_bool, __nv_bool, unsigned int, cudaStream_t) [with S=BLS12_377::scalar_t, P=BLS12_377::projective_t, A=BLS12_377::affine_t]" at line 952
              instantiation of "void large_msm(S *, A *, unsigned int, P *, __nv_bool, __nv_bool, unsigned int, cudaStream_t) [with S=BLS12_377::scalar_t, P=BLS12_377::projective_t, A=BLS12_377::affine_t]" at line 19 of /home/jizhenWei/.cargo/git/checkouts/icicle-9b25725c9b5d6dd2/bd72fb7/icicle/curves/bls12_377/msm.cu

  gmake[3]: *** [CMakeFiles/icicle.dir/build.make:202: CMakeFiles/icicle.dir/curves/bls12_381/msm.cu.o] 挂起
  gmake[3]: *** [CMakeFiles/icicle.dir/build.make:132: CMakeFiles/icicle.dir/curves/bls12_377/lde.cu.o] 挂起
  gmake[3]: *** [CMakeFiles/icicle.dir/build.make:90: CMakeFiles/icicle.dir/curves/bn254/msm.cu.o] 挂起
  gmake[3]: *** [CMakeFiles/icicle.dir/build.make:146: CMakeFiles/icicle.dir/curves/bls12_377/msm.cu.o] 挂起
  gmake[3]: *** [CMakeFiles/icicle.dir/build.make:230: CMakeFiles/icicle.dir/curves/bls12_381/ve_mod_mult.cu.o] 挂起
  gmake[3]: *** [CMakeFiles/icicle.dir/build.make:118: CMakeFiles/icicle.dir/curves/bn254/ve_mod_mult.cu.o] 挂起
  gmake[3]: *** [CMakeFiles/icicle.dir/build.make:76: CMakeFiles/icicle.dir/curves/bn254/lde.cu.o] 挂起
  gmake[3]: *** [CMakeFiles/icicle.dir/build.make:174: CMakeFiles/icicle.dir/curves/bls12_377/ve_mod_mult.cu.o] 挂起
  gmake[3]: *** [CMakeFiles/icicle.dir/build.make:188: CMakeFiles/icicle.dir/curves/bls12_381/lde.cu.o] 挂起
  gmake[2]: *** [CMakeFiles/Makefile2:83: CMakeFiles/icicle.dir/all] 挂起
  gmake[1]: *** [CMakeFiles/Makefile2:90: CMakeFiles/icicle.dir/rule] 挂起
  gmake: *** [Makefile:124: icicle] 挂起
  SIGHUP
  CMake Error: Generator: execution of make failed. Make command was: /usr/bin/gmake -f Makefile icicle && 
  thread 'main' panicked at /home/jizhenWei/.cargo/registry/src/index.crates.io-6f17d22bba15001f/cmake-0.1.50/src/lib.rs:1098:5:

  command did not execute successfully, got: exit status: 1

  build script failed, must exit now
  note: run with `RUST_BACKTRACE=1` environment variable to display a backtrace
